<?xml version="1.0" encoding="UTF-8"?>
<testsuite name="Inicializare en la pagina de serenity demo con el usuario y contrasena" tests="1" skipped="0" failures="0" errors="0" timestamp="2022-04-29T20:06:20" hostname="CHMEPPF0GZSMD" time="36.964">
  <properties/>
  <testcase name="Iniciare sesion en la pagina de serenity demo" classname="Inicializare en la pagina de serenity demo con el usuario y contrasena" time="36.964"/>
  <system-out><![CDATA[]]></system-out>
  <system-err><![CDATA[[Test worker] WARN net.thucydides.core.steps.BaseStepListener - stepStarted: net.thucydides.core.steps.ExecutedStepDescription@7e4f8b6d
[Test worker] WARN net.thucydides.core.steps.BaseStepListener - stepStarted: net.thucydides.core.steps.ExecutedStepDescription@2a9c4037
[Test worker] WARN net.thucydides.core.steps.BaseStepListener - stepStarted: net.thucydides.core.steps.ExecutedStepDescription@f01debf
Apr 29, 2022 3:06:21 PM org.openqa.selenium.remote.DesiredCapabilities chrome
INFO: Using `new ChromeOptions()` is preferred to `DesiredCapabilities.chrome()`
[Test worker] INFO net.serenitybdd.core.webdriver.driverproviders.ProvideNewDriver - Instantiating driver
[Test worker] INFO net.serenitybdd.core.webdriver.driverproviders.ProvideNewDriver - Driver capabilities: Capabilities {acceptInsecureCerts: false, browserName: chrome, chrome.switches: --start-maximized, goog:chromeOptions: {args: [--start-maximized], extensions: []}, loggingPrefs: org.openqa.selenium.logging..., platform: ANY, version: }
Starting ChromeDriver 100.0.4896.60 (6a5d10861ce8de5fce22564658033b43cb7de047-refs/branch-heads/4896@{#875}) on port 18794
Only local connections are allowed.
Please see https://chromedriver.chromium.org/security-considerations for suggestions on keeping ChromeDriver safe.
ChromeDriver was started successfully.
Apr 29, 2022 3:06:25 PM org.openqa.selenium.remote.ProtocolHandshake createSession
INFO: Detected dialect: W3C
[Test worker] WARN net.thucydides.core.steps.BaseStepListener - stepFinished: current outcome:Iniciare sesion en la pagina de serenity demo:Example: {user=admin, password=serenity, name=Unidad1, select=Administration, meet_name=Informacion, meet_type=Vacaciones, number_meet=123456, unit=Unidad1, organizedBy=Alexis Lopez, reported=Charles Davi, attendeeList=James Brooks} [Given que tengo el usuario y la contrasena para entrar a la pagina [Elmer abrir pagina [Elmer opens the Abriendo pagina]]]
[Test worker] WARN net.thucydides.core.steps.BaseStepListener - stepFinished: current outcome:Iniciare sesion en la pagina de serenity demo:Example: {user=admin, password=serenity, name=Unidad1, select=Administration, meet_name=Informacion, meet_type=Vacaciones, number_meet=123456, unit=Unidad1, organizedBy=Alexis Lopez, reported=Charles Davi, attendeeList=James Brooks} [Given que tengo el usuario y la contrasena para entrar a la pagina [Elmer abrir pagina [Elmer opens the Abriendo pagina]]]
[Test worker] WARN net.thucydides.core.steps.BaseStepListener - stepFinished: current outcome:Iniciare sesion en la pagina de serenity demo:Example: {user=admin, password=serenity, name=Unidad1, select=Administration, meet_name=Informacion, meet_type=Vacaciones, number_meet=123456, unit=Unidad1, organizedBy=Alexis Lopez, reported=Charles Davi, attendeeList=James Brooks} [Given que tengo el usuario y la contrasena para entrar a la pagina [Elmer abrir pagina [Elmer opens the Abriendo pagina]]]
[Test worker] WARN net.thucydides.core.steps.BaseStepListener - stepStarted: net.thucydides.core.steps.ExecutedStepDescription@14e5e30
[Test worker] WARN net.thucydides.core.steps.BaseStepListener - stepStarted: net.thucydides.core.steps.ExecutedStepDescription@4b85f87b
[Test worker] WARN net.thucydides.core.steps.BaseStepListener - stepStarted: net.thucydides.core.steps.ExecutedStepDescription@45c49eab
[Test worker] WARN net.thucydides.core.steps.BaseStepListener - stepFinished: current outcome:Iniciare sesion en la pagina de serenity demo:Example: {user=admin, password=serenity, name=Unidad1, select=Administration, meet_name=Informacion, meet_type=Vacaciones, number_meet=123456, unit=Unidad1, organizedBy=Alexis Lopez, reported=Charles Davi, attendeeList=James Brooks} [Given que tengo el usuario y la contrasena para entrar a la pagina [Elmer abrir pagina [Elmer opens the Abriendo pagina]], When inicio la sesion ire al menu de organzacion y creare una nueva reunion
| user | password | name | select | meet_name | meet_type | number_meet | unit | organizedBy | reported | attendeeList |
| admin | serenity | Unidad1 | Administration | Informacion | Vacaciones | 123456 | Unidad1 | Alexis Lopez | Charles Davi | James Brooks | [Elmer pasos para la reunion [Elmer enters 'admin' into Campo de Usuario]]]
[Test worker] WARN net.thucydides.core.steps.BaseStepListener - stepStarted: net.thucydides.core.steps.ExecutedStepDescription@5ea1eb09
[Test worker] WARN net.thucydides.core.steps.BaseStepListener - stepFinished: current outcome:Iniciare sesion en la pagina de serenity demo:Example: {user=admin, password=serenity, name=Unidad1, select=Administration, meet_name=Informacion, meet_type=Vacaciones, number_meet=123456, unit=Unidad1, organizedBy=Alexis Lopez, reported=Charles Davi, attendeeList=James Brooks} [Given que tengo el usuario y la contrasena para entrar a la pagina [Elmer abrir pagina [Elmer opens the Abriendo pagina]], When inicio la sesion ire al menu de organzacion y creare una nueva reunion
| user | password | name | select | meet_name | meet_type | number_meet | unit | organizedBy | reported | attendeeList |
| admin | serenity | Unidad1 | Administration | Informacion | Vacaciones | 123456 | Unidad1 | Alexis Lopez | Charles Davi | James Brooks | [Elmer pasos para la reunion [Elmer enters 'admin' into Campo de Usuario, Elmer enters 'serenity' into Campo de Contrasena]]]
[Test worker] WARN net.thucydides.core.steps.BaseStepListener - stepStarted: net.thucydides.core.steps.ExecutedStepDescription@60e3d950
[Test worker] WARN net.thucydides.core.steps.BaseStepListener - stepFinished: current outcome:Iniciare sesion en la pagina de serenity demo:Example: {user=admin, password=serenity, name=Unidad1, select=Administration, meet_name=Informacion, meet_type=Vacaciones, number_meet=123456, unit=Unidad1, organizedBy=Alexis Lopez, reported=Charles Davi, attendeeList=James Brooks} [Given que tengo el usuario y la contrasena para entrar a la pagina [Elmer abrir pagina [Elmer opens the Abriendo pagina]], When inicio la sesion ire al menu de organzacion y creare una nueva reunion
| user | password | name | select | meet_name | meet_type | number_meet | unit | organizedBy | reported | attendeeList |
| admin | serenity | Unidad1 | Administration | Informacion | Vacaciones | 123456 | Unidad1 | Alexis Lopez | Charles Davi | James Brooks | [Elmer pasos para la reunion [Elmer enters 'admin' into Campo de Usuario, Elmer enters 'serenity' into Campo de Contrasena, Elmer clicks on Boton de iniciar sesion]]]
[Test worker] WARN net.thucydides.core.steps.BaseStepListener - stepStarted: net.thucydides.core.steps.ExecutedStepDescription@332daea6
[Test worker] WARN net.thucydides.core.steps.BaseStepListener - stepFinished: current outcome:Iniciare sesion en la pagina de serenity demo:Example: {user=admin, password=serenity, name=Unidad1, select=Administration, meet_name=Informacion, meet_type=Vacaciones, number_meet=123456, unit=Unidad1, organizedBy=Alexis Lopez, reported=Charles Davi, attendeeList=James Brooks} [Given que tengo el usuario y la contrasena para entrar a la pagina [Elmer abrir pagina [Elmer opens the Abriendo pagina]], When inicio la sesion ire al menu de organzacion y creare una nueva reunion
| user | password | name | select | meet_name | meet_type | number_meet | unit | organizedBy | reported | attendeeList |
| admin | serenity | Unidad1 | Administration | Informacion | Vacaciones | 123456 | Unidad1 | Alexis Lopez | Charles Davi | James Brooks | [Elmer pasos para la reunion [Elmer enters 'admin' into Campo de Usuario, Elmer enters 'serenity' into Campo de Contrasena, Elmer clicks on Boton de iniciar sesion, Elmer clicks on Presionando en el subMenu de Organizacion]]]
[Test worker] WARN net.thucydides.core.steps.BaseStepListener - stepStarted: net.thucydides.core.steps.ExecutedStepDescription@1084d1f8
[Test worker] WARN net.thucydides.core.steps.BaseStepListener - stepFinished: current outcome:Iniciare sesion en la pagina de serenity demo:Example: {user=admin, password=serenity, name=Unidad1, select=Administration, meet_name=Informacion, meet_type=Vacaciones, number_meet=123456, unit=Unidad1, organizedBy=Alexis Lopez, reported=Charles Davi, attendeeList=James Brooks} [Given que tengo el usuario y la contrasena para entrar a la pagina [Elmer abrir pagina [Elmer opens the Abriendo pagina]], When inicio la sesion ire al menu de organzacion y creare una nueva reunion
| user | password | name | select | meet_name | meet_type | number_meet | unit | organizedBy | reported | attendeeList |
| admin | serenity | Unidad1 | Administration | Informacion | Vacaciones | 123456 | Unidad1 | Alexis Lopez | Charles Davi | James Brooks | [Elmer pasos para la reunion [Elmer enters 'admin' into Campo de Usuario, Elmer enters 'serenity' into Campo de Contrasena, Elmer clicks on Boton de iniciar sesion, Elmer clicks on Presionando en el subMenu de Organizacion, Elmer clicks on Presionando en la opcion de Business Units]]]
[Test worker] WARN net.thucydides.core.steps.BaseStepListener - stepStarted: net.thucydides.core.steps.ExecutedStepDescription@f7c3be5
[Test worker] WARN net.thucydides.core.steps.BaseStepListener - stepFinished: current outcome:Iniciare sesion en la pagina de serenity demo:Example: {user=admin, password=serenity, name=Unidad1, select=Administration, meet_name=Informacion, meet_type=Vacaciones, number_meet=123456, unit=Unidad1, organizedBy=Alexis Lopez, reported=Charles Davi, attendeeList=James Brooks} [Given que tengo el usuario y la contrasena para entrar a la pagina [Elmer abrir pagina [Elmer opens the Abriendo pagina]], When inicio la sesion ire al menu de organzacion y creare una nueva reunion
| user | password | name | select | meet_name | meet_type | number_meet | unit | organizedBy | reported | attendeeList |
| admin | serenity | Unidad1 | Administration | Informacion | Vacaciones | 123456 | Unidad1 | Alexis Lopez | Charles Davi | James Brooks | [Elmer pasos para la reunion [Elmer enters 'admin' into Campo de Usuario, Elmer enters 'serenity' into Campo de Contrasena, Elmer clicks on Boton de iniciar sesion, Elmer clicks on Presionando en el subMenu de Organizacion, Elmer clicks on Presionando en la opcion de Business Units, Elmer clicks on Presionando el boton de Business Units]]]
[Test worker] WARN net.thucydides.core.steps.BaseStepListener - stepStarted: net.thucydides.core.steps.ExecutedStepDescription@21223469
[Test worker] WARN net.thucydides.core.steps.BaseStepListener - stepFinished: current outcome:Iniciare sesion en la pagina de serenity demo:Example: {user=admin, password=serenity, name=Unidad1, select=Administration, meet_name=Informacion, meet_type=Vacaciones, number_meet=123456, unit=Unidad1, organizedBy=Alexis Lopez, reported=Charles Davi, attendeeList=James Brooks} [Given que tengo el usuario y la contrasena para entrar a la pagina [Elmer abrir pagina [Elmer opens the Abriendo pagina]], When inicio la sesion ire al menu de organzacion y creare una nueva reunion
| user | password | name | select | meet_name | meet_type | number_meet | unit | organizedBy | reported | attendeeList |
| admin | serenity | Unidad1 | Administration | Informacion | Vacaciones | 123456 | Unidad1 | Alexis Lopez | Charles Davi | James Brooks | [Elmer pasos para la reunion [Elmer enters 'admin' into Campo de Usuario, Elmer enters 'serenity' into Campo de Contrasena, Elmer clicks on Boton de iniciar sesion, Elmer clicks on Presionando en el subMenu de Organizacion, Elmer clicks on Presionando en la opcion de Business Units, Elmer clicks on Presionando el boton de Business Units, Elmer enters 'Unidad1' into Llenando el campo Name]]]
[Test worker] WARN net.thucydides.core.steps.BaseStepListener - stepStarted: net.thucydides.core.steps.ExecutedStepDescription@44cc1ee0
[Test worker] WARN net.thucydides.core.steps.BaseStepListener - stepFinished: current outcome:Iniciare sesion en la pagina de serenity demo:Example: {user=admin, password=serenity, name=Unidad1, select=Administration, meet_name=Informacion, meet_type=Vacaciones, number_meet=123456, unit=Unidad1, organizedBy=Alexis Lopez, reported=Charles Davi, attendeeList=James Brooks} [Given que tengo el usuario y la contrasena para entrar a la pagina [Elmer abrir pagina [Elmer opens the Abriendo pagina]], When inicio la sesion ire al menu de organzacion y creare una nueva reunion
| user | password | name | select | meet_name | meet_type | number_meet | unit | organizedBy | reported | attendeeList |
| admin | serenity | Unidad1 | Administration | Informacion | Vacaciones | 123456 | Unidad1 | Alexis Lopez | Charles Davi | James Brooks | [Elmer pasos para la reunion [Elmer enters 'admin' into Campo de Usuario, Elmer enters 'serenity' into Campo de Contrasena, Elmer clicks on Boton de iniciar sesion, Elmer clicks on Presionando en el subMenu de Organizacion, Elmer clicks on Presionando en la opcion de Business Units, Elmer clicks on Presionando el boton de Business Units, Elmer enters 'Unidad1' into Llenando el campo Name, Elmer enters 'Administration' into Seleccionamos la opcion de Administration]]]
[Test worker] WARN net.thucydides.core.steps.BaseStepListener - stepStarted: net.thucydides.core.steps.ExecutedStepDescription@24d48061
[Test worker] WARN net.thucydides.core.steps.BaseStepListener - stepFinished: current outcome:Iniciare sesion en la pagina de serenity demo:Example: {user=admin, password=serenity, name=Unidad1, select=Administration, meet_name=Informacion, meet_type=Vacaciones, number_meet=123456, unit=Unidad1, organizedBy=Alexis Lopez, reported=Charles Davi, attendeeList=James Brooks} [Given que tengo el usuario y la contrasena para entrar a la pagina [Elmer abrir pagina [Elmer opens the Abriendo pagina]], When inicio la sesion ire al menu de organzacion y creare una nueva reunion
| user | password | name | select | meet_name | meet_type | number_meet | unit | organizedBy | reported | attendeeList |
| admin | serenity | Unidad1 | Administration | Informacion | Vacaciones | 123456 | Unidad1 | Alexis Lopez | Charles Davi | James Brooks | [Elmer pasos para la reunion [Elmer enters 'admin' into Campo de Usuario, Elmer enters 'serenity' into Campo de Contrasena, Elmer clicks on Boton de iniciar sesion, Elmer clicks on Presionando en el subMenu de Organizacion, Elmer clicks on Presionando en la opcion de Business Units, Elmer clicks on Presionando el boton de Business Units, Elmer enters 'Unidad1' into Llenando el campo Name, Elmer enters 'Administration' into Seleccionamos la opcion de Administration, Elmer clicks on Salvamos]]]
[Test worker] WARN net.thucydides.core.steps.BaseStepListener - stepStarted: net.thucydides.core.steps.ExecutedStepDescription@5f1cef5b
[Test worker] WARN net.thucydides.core.steps.BaseStepListener - stepFinished: current outcome:Iniciare sesion en la pagina de serenity demo:Example: {user=admin, password=serenity, name=Unidad1, select=Administration, meet_name=Informacion, meet_type=Vacaciones, number_meet=123456, unit=Unidad1, organizedBy=Alexis Lopez, reported=Charles Davi, attendeeList=James Brooks} [Given que tengo el usuario y la contrasena para entrar a la pagina [Elmer abrir pagina [Elmer opens the Abriendo pagina]], When inicio la sesion ire al menu de organzacion y creare una nueva reunion
| user | password | name | select | meet_name | meet_type | number_meet | unit | organizedBy | reported | attendeeList |
| admin | serenity | Unidad1 | Administration | Informacion | Vacaciones | 123456 | Unidad1 | Alexis Lopez | Charles Davi | James Brooks | [Elmer pasos para la reunion [Elmer enters 'admin' into Campo de Usuario, Elmer enters 'serenity' into Campo de Contrasena, Elmer clicks on Boton de iniciar sesion, Elmer clicks on Presionando en el subMenu de Organizacion, Elmer clicks on Presionando en la opcion de Business Units, Elmer clicks on Presionando el boton de Business Units, Elmer enters 'Unidad1' into Llenando el campo Name, Elmer enters 'Administration' into Seleccionamos la opcion de Administration, Elmer clicks on Salvamos, Elmer clicks on Vamos al menu Reunion]]]
[Test worker] WARN net.thucydides.core.steps.BaseStepListener - stepStarted: net.thucydides.core.steps.ExecutedStepDescription@1da71a1f
[Test worker] WARN net.thucydides.core.steps.BaseStepListener - stepFinished: current outcome:Iniciare sesion en la pagina de serenity demo:Example: {user=admin, password=serenity, name=Unidad1, select=Administration, meet_name=Informacion, meet_type=Vacaciones, number_meet=123456, unit=Unidad1, organizedBy=Alexis Lopez, reported=Charles Davi, attendeeList=James Brooks} [Given que tengo el usuario y la contrasena para entrar a la pagina [Elmer abrir pagina [Elmer opens the Abriendo pagina]], When inicio la sesion ire al menu de organzacion y creare una nueva reunion
| user | password | name | select | meet_name | meet_type | number_meet | unit | organizedBy | reported | attendeeList |
| admin | serenity | Unidad1 | Administration | Informacion | Vacaciones | 123456 | Unidad1 | Alexis Lopez | Charles Davi | James Brooks | [Elmer pasos para la reunion [Elmer enters 'admin' into Campo de Usuario, Elmer enters 'serenity' into Campo de Contrasena, Elmer clicks on Boton de iniciar sesion, Elmer clicks on Presionando en el subMenu de Organizacion, Elmer clicks on Presionando en la opcion de Business Units, Elmer clicks on Presionando el boton de Business Units, Elmer enters 'Unidad1' into Llenando el campo Name, Elmer enters 'Administration' into Seleccionamos la opcion de Administration, Elmer clicks on Salvamos, Elmer clicks on Vamos al menu Reunion, Elmer clicks on Presionamos al menu Reunion]]]
[Test worker] WARN net.thucydides.core.steps.BaseStepListener - stepStarted: net.thucydides.core.steps.ExecutedStepDescription@27936fb6
[Test worker] WARN net.thucydides.core.steps.BaseStepListener - stepFinished: current outcome:Iniciare sesion en la pagina de serenity demo:Example: {user=admin, password=serenity, name=Unidad1, select=Administration, meet_name=Informacion, meet_type=Vacaciones, number_meet=123456, unit=Unidad1, organizedBy=Alexis Lopez, reported=Charles Davi, attendeeList=James Brooks} [Given que tengo el usuario y la contrasena para entrar a la pagina [Elmer abrir pagina [Elmer opens the Abriendo pagina]], When inicio la sesion ire al menu de organzacion y creare una nueva reunion
| user | password | name | select | meet_name | meet_type | number_meet | unit | organizedBy | reported | attendeeList |
| admin | serenity | Unidad1 | Administration | Informacion | Vacaciones | 123456 | Unidad1 | Alexis Lopez | Charles Davi | James Brooks | [Elmer pasos para la reunion [Elmer enters 'admin' into Campo de Usuario, Elmer enters 'serenity' into Campo de Contrasena, Elmer clicks on Boton de iniciar sesion, Elmer clicks on Presionando en el subMenu de Organizacion, Elmer clicks on Presionando en la opcion de Business Units, Elmer clicks on Presionando el boton de Business Units, Elmer enters 'Unidad1' into Llenando el campo Name, Elmer enters 'Administration' into Seleccionamos la opcion de Administration, Elmer clicks on Salvamos, Elmer clicks on Vamos al menu Reunion, Elmer clicks on Presionamos al menu Reunion, Elmer clicks on Presionamos el boton en una nueva Reunion]]]
[Test worker] WARN net.thucydides.core.steps.BaseStepListener - stepStarted: net.thucydides.core.steps.ExecutedStepDescription@735a17cd
[Test worker] WARN net.thucydides.core.steps.BaseStepListener - stepFinished: current outcome:Iniciare sesion en la pagina de serenity demo:Example: {user=admin, password=serenity, name=Unidad1, select=Administration, meet_name=Informacion, meet_type=Vacaciones, number_meet=123456, unit=Unidad1, organizedBy=Alexis Lopez, reported=Charles Davi, attendeeList=James Brooks} [Given que tengo el usuario y la contrasena para entrar a la pagina [Elmer abrir pagina [Elmer opens the Abriendo pagina]], When inicio la sesion ire al menu de organzacion y creare una nueva reunion
| user | password | name | select | meet_name | meet_type | number_meet | unit | organizedBy | reported | attendeeList |
| admin | serenity | Unidad1 | Administration | Informacion | Vacaciones | 123456 | Unidad1 | Alexis Lopez | Charles Davi | James Brooks | [Elmer pasos para la reunion [Elmer enters 'admin' into Campo de Usuario, Elmer enters 'serenity' into Campo de Contrasena, Elmer clicks on Boton de iniciar sesion, Elmer clicks on Presionando en el subMenu de Organizacion, Elmer clicks on Presionando en la opcion de Business Units, Elmer clicks on Presionando el boton de Business Units, Elmer enters 'Unidad1' into Llenando el campo Name, Elmer enters 'Administration' into Seleccionamos la opcion de Administration, Elmer clicks on Salvamos, Elmer clicks on Vamos al menu Reunion, Elmer clicks on Presionamos al menu Reunion, Elmer clicks on Presionamos el boton en una nueva Reunion, Elmer enters 'Informacion' into Ingresamos el nombre de la Reunion]]]
[Test worker] WARN net.thucydides.core.steps.BaseStepListener - stepStarted: net.thucydides.core.steps.ExecutedStepDescription@242a0d97
[Test worker] WARN net.thucydides.core.steps.BaseStepListener - stepFinished: current outcome:Iniciare sesion en la pagina de serenity demo:Example: {user=admin, password=serenity, name=Unidad1, select=Administration, meet_name=Informacion, meet_type=Vacaciones, number_meet=123456, unit=Unidad1, organizedBy=Alexis Lopez, reported=Charles Davi, attendeeList=James Brooks} [Given que tengo el usuario y la contrasena para entrar a la pagina [Elmer abrir pagina [Elmer opens the Abriendo pagina]], When inicio la sesion ire al menu de organzacion y creare una nueva reunion
| user | password | name | select | meet_name | meet_type | number_meet | unit | organizedBy | reported | attendeeList |
| admin | serenity | Unidad1 | Administration | Informacion | Vacaciones | 123456 | Unidad1 | Alexis Lopez | Charles Davi | James Brooks | [Elmer pasos para la reunion [Elmer enters 'admin' into Campo de Usuario, Elmer enters 'serenity' into Campo de Contrasena, Elmer clicks on Boton de iniciar sesion, Elmer clicks on Presionando en el subMenu de Organizacion, Elmer clicks on Presionando en la opcion de Business Units, Elmer clicks on Presionando el boton de Business Units, Elmer enters 'Unidad1' into Llenando el campo Name, Elmer enters 'Administration' into Seleccionamos la opcion de Administration, Elmer clicks on Salvamos, Elmer clicks on Vamos al menu Reunion, Elmer clicks on Presionamos al menu Reunion, Elmer clicks on Presionamos el boton en una nueva Reunion, Elmer enters 'Informacion' into Ingresamos el nombre de la Reunion, Elmer clicks on Ingresamos el tipo de Reunion]]]
[Test worker] WARN net.thucydides.core.steps.BaseStepListener - stepStarted: net.thucydides.core.steps.ExecutedStepDescription@596b0ded
[Test worker] WARN net.thucydides.core.steps.BaseStepListener - stepFinished: current outcome:Iniciare sesion en la pagina de serenity demo:Example: {user=admin, password=serenity, name=Unidad1, select=Administration, meet_name=Informacion, meet_type=Vacaciones, number_meet=123456, unit=Unidad1, organizedBy=Alexis Lopez, reported=Charles Davi, attendeeList=James Brooks} [Given que tengo el usuario y la contrasena para entrar a la pagina [Elmer abrir pagina [Elmer opens the Abriendo pagina]], When inicio la sesion ire al menu de organzacion y creare una nueva reunion
| user | password | name | select | meet_name | meet_type | number_meet | unit | organizedBy | reported | attendeeList |
| admin | serenity | Unidad1 | Administration | Informacion | Vacaciones | 123456 | Unidad1 | Alexis Lopez | Charles Davi | James Brooks | [Elmer pasos para la reunion [Elmer enters 'admin' into Campo de Usuario, Elmer enters 'serenity' into Campo de Contrasena, Elmer clicks on Boton de iniciar sesion, Elmer clicks on Presionando en el subMenu de Organizacion, Elmer clicks on Presionando en la opcion de Business Units, Elmer clicks on Presionando el boton de Business Units, Elmer enters 'Unidad1' into Llenando el campo Name, Elmer enters 'Administration' into Seleccionamos la opcion de Administration, Elmer clicks on Salvamos, Elmer clicks on Vamos al menu Reunion, Elmer clicks on Presionamos al menu Reunion, Elmer clicks on Presionamos el boton en una nueva Reunion, Elmer enters 'Informacion' into Ingresamos el nombre de la Reunion, Elmer clicks on Ingresamos el tipo de Reunion, Elmer enters 'Vacaciones' into Fecha que inicia la Reunion]]]
[Test worker] WARN net.thucydides.core.steps.BaseStepListener - stepStarted: net.thucydides.core.steps.ExecutedStepDescription@4033de5d
[Test worker] WARN net.thucydides.core.steps.BaseStepListener - stepFinished: current outcome:Iniciare sesion en la pagina de serenity demo:Example: {user=admin, password=serenity, name=Unidad1, select=Administration, meet_name=Informacion, meet_type=Vacaciones, number_meet=123456, unit=Unidad1, organizedBy=Alexis Lopez, reported=Charles Davi, attendeeList=James Brooks} [Given que tengo el usuario y la contrasena para entrar a la pagina [Elmer abrir pagina [Elmer opens the Abriendo pagina]], When inicio la sesion ire al menu de organzacion y creare una nueva reunion
| user | password | name | select | meet_name | meet_type | number_meet | unit | organizedBy | reported | attendeeList |
| admin | serenity | Unidad1 | Administration | Informacion | Vacaciones | 123456 | Unidad1 | Alexis Lopez | Charles Davi | James Brooks | [Elmer pasos para la reunion [Elmer enters 'admin' into Campo de Usuario, Elmer enters 'serenity' into Campo de Contrasena, Elmer clicks on Boton de iniciar sesion, Elmer clicks on Presionando en el subMenu de Organizacion, Elmer clicks on Presionando en la opcion de Business Units, Elmer clicks on Presionando el boton de Business Units, Elmer enters 'Unidad1' into Llenando el campo Name, Elmer enters 'Administration' into Seleccionamos la opcion de Administration, Elmer clicks on Salvamos, Elmer clicks on Vamos al menu Reunion, Elmer clicks on Presionamos al menu Reunion, Elmer clicks on Presionamos el boton en una nueva Reunion, Elmer enters 'Informacion' into Ingresamos el nombre de la Reunion, Elmer clicks on Ingresamos el tipo de Reunion, Elmer enters 'Vacaciones' into Fecha que inicia la Reunion, Elmer clicks on Boton de guardar tipo de Reunion]]]
[Test worker] WARN net.thucydides.core.steps.BaseStepListener - stepStarted: net.thucydides.core.steps.ExecutedStepDescription@3d745bf9
[Test worker] WARN net.thucydides.core.steps.BaseStepListener - stepFinished: current outcome:Iniciare sesion en la pagina de serenity demo:Example: {user=admin, password=serenity, name=Unidad1, select=Administration, meet_name=Informacion, meet_type=Vacaciones, number_meet=123456, unit=Unidad1, organizedBy=Alexis Lopez, reported=Charles Davi, attendeeList=James Brooks} [Given que tengo el usuario y la contrasena para entrar a la pagina [Elmer abrir pagina [Elmer opens the Abriendo pagina]], When inicio la sesion ire al menu de organzacion y creare una nueva reunion
| user | password | name | select | meet_name | meet_type | number_meet | unit | organizedBy | reported | attendeeList |
| admin | serenity | Unidad1 | Administration | Informacion | Vacaciones | 123456 | Unidad1 | Alexis Lopez | Charles Davi | James Brooks | [Elmer pasos para la reunion [Elmer enters 'admin' into Campo de Usuario, Elmer enters 'serenity' into Campo de Contrasena, Elmer clicks on Boton de iniciar sesion, Elmer clicks on Presionando en el subMenu de Organizacion, Elmer clicks on Presionando en la opcion de Business Units, Elmer clicks on Presionando el boton de Business Units, Elmer enters 'Unidad1' into Llenando el campo Name, Elmer enters 'Administration' into Seleccionamos la opcion de Administration, Elmer clicks on Salvamos, Elmer clicks on Vamos al menu Reunion, Elmer clicks on Presionamos al menu Reunion, Elmer clicks on Presionamos el boton en una nueva Reunion, Elmer enters 'Informacion' into Ingresamos el nombre de la Reunion, Elmer clicks on Ingresamos el tipo de Reunion, Elmer enters 'Vacaciones' into Fecha que inicia la Reunion, Elmer clicks on Boton de guardar tipo de Reunion, Elmer enters '123456' into Ingresamos el numero de la Reunion]]]
[Test worker] WARN net.thucydides.core.steps.BaseStepListener - stepStarted: net.thucydides.core.steps.ExecutedStepDescription@b6b5b32
[Test worker] WARN net.thucydides.core.steps.BaseStepListener - stepFinished: current outcome:Iniciare sesion en la pagina de serenity demo:Example: {user=admin, password=serenity, name=Unidad1, select=Administration, meet_name=Informacion, meet_type=Vacaciones, number_meet=123456, unit=Unidad1, organizedBy=Alexis Lopez, reported=Charles Davi, attendeeList=James Brooks} [Given que tengo el usuario y la contrasena para entrar a la pagina [Elmer abrir pagina [Elmer opens the Abriendo pagina]], When inicio la sesion ire al menu de organzacion y creare una nueva reunion
| user | password | name | select | meet_name | meet_type | number_meet | unit | organizedBy | reported | attendeeList |
| admin | serenity | Unidad1 | Administration | Informacion | Vacaciones | 123456 | Unidad1 | Alexis Lopez | Charles Davi | James Brooks | [Elmer pasos para la reunion [Elmer enters 'admin' into Campo de Usuario, Elmer enters 'serenity' into Campo de Contrasena, Elmer clicks on Boton de iniciar sesion, Elmer clicks on Presionando en el subMenu de Organizacion, Elmer clicks on Presionando en la opcion de Business Units, Elmer clicks on Presionando el boton de Business Units, Elmer enters 'Unidad1' into Llenando el campo Name, Elmer enters 'Administration' into Seleccionamos la opcion de Administration, Elmer clicks on Salvamos, Elmer clicks on Vamos al menu Reunion, Elmer clicks on Presionamos al menu Reunion, Elmer clicks on Presionamos el boton en una nueva Reunion, Elmer enters 'Informacion' into Ingresamos el nombre de la Reunion, Elmer clicks on Ingresamos el tipo de Reunion, Elmer enters 'Vacaciones' into Fecha que inicia la Reunion, Elmer clicks on Boton de guardar tipo de Reunion, Elmer enters '123456' into Ingresamos el numero de la Reunion, Elmer enters '04/28/2022' into Fecha que inicia la Reunion]]]
[Test worker] WARN net.thucydides.core.steps.BaseStepListener - stepStarted: net.thucydides.core.steps.ExecutedStepDescription@3b345ad6
[Test worker] WARN net.thucydides.core.steps.BaseStepListener - stepFinished: current outcome:Iniciare sesion en la pagina de serenity demo:Example: {user=admin, password=serenity, name=Unidad1, select=Administration, meet_name=Informacion, meet_type=Vacaciones, number_meet=123456, unit=Unidad1, organizedBy=Alexis Lopez, reported=Charles Davi, attendeeList=James Brooks} [Given que tengo el usuario y la contrasena para entrar a la pagina [Elmer abrir pagina [Elmer opens the Abriendo pagina]], When inicio la sesion ire al menu de organzacion y creare una nueva reunion
| user | password | name | select | meet_name | meet_type | number_meet | unit | organizedBy | reported | attendeeList |
| admin | serenity | Unidad1 | Administration | Informacion | Vacaciones | 123456 | Unidad1 | Alexis Lopez | Charles Davi | James Brooks | [Elmer pasos para la reunion [Elmer enters 'admin' into Campo de Usuario, Elmer enters 'serenity' into Campo de Contrasena, Elmer clicks on Boton de iniciar sesion, Elmer clicks on Presionando en el subMenu de Organizacion, Elmer clicks on Presionando en la opcion de Business Units, Elmer clicks on Presionando el boton de Business Units, Elmer enters 'Unidad1' into Llenando el campo Name, Elmer enters 'Administration' into Seleccionamos la opcion de Administration, Elmer clicks on Salvamos, Elmer clicks on Vamos al menu Reunion, Elmer clicks on Presionamos al menu Reunion, Elmer clicks on Presionamos el boton en una nueva Reunion, Elmer enters 'Informacion' into Ingresamos el nombre de la Reunion, Elmer clicks on Ingresamos el tipo de Reunion, Elmer enters 'Vacaciones' into Fecha que inicia la Reunion, Elmer clicks on Boton de guardar tipo de Reunion, Elmer enters '123456' into Ingresamos el numero de la Reunion, Elmer enters '04/28/2022' into Fecha que inicia la Reunion, Elmer selects index 1 in Hora que inicia la Reunion]]]
[Test worker] WARN net.thucydides.core.steps.BaseStepListener - stepStarted: net.thucydides.core.steps.ExecutedStepDescription@5a579f0a
[Test worker] WARN net.thucydides.core.steps.BaseStepListener - stepFinished: current outcome:Iniciare sesion en la pagina de serenity demo:Example: {user=admin, password=serenity, name=Unidad1, select=Administration, meet_name=Informacion, meet_type=Vacaciones, number_meet=123456, unit=Unidad1, organizedBy=Alexis Lopez, reported=Charles Davi, attendeeList=James Brooks} [Given que tengo el usuario y la contrasena para entrar a la pagina [Elmer abrir pagina [Elmer opens the Abriendo pagina]], When inicio la sesion ire al menu de organzacion y creare una nueva reunion
| user | password | name | select | meet_name | meet_type | number_meet | unit | organizedBy | reported | attendeeList |
| admin | serenity | Unidad1 | Administration | Informacion | Vacaciones | 123456 | Unidad1 | Alexis Lopez | Charles Davi | James Brooks | [Elmer pasos para la reunion [Elmer enters 'admin' into Campo de Usuario, Elmer enters 'serenity' into Campo de Contrasena, Elmer clicks on Boton de iniciar sesion, Elmer clicks on Presionando en el subMenu de Organizacion, Elmer clicks on Presionando en la opcion de Business Units, Elmer clicks on Presionando el boton de Business Units, Elmer enters 'Unidad1' into Llenando el campo Name, Elmer enters 'Administration' into Seleccionamos la opcion de Administration, Elmer clicks on Salvamos, Elmer clicks on Vamos al menu Reunion, Elmer clicks on Presionamos al menu Reunion, Elmer clicks on Presionamos el boton en una nueva Reunion, Elmer enters 'Informacion' into Ingresamos el nombre de la Reunion, Elmer clicks on Ingresamos el tipo de Reunion, Elmer enters 'Vacaciones' into Fecha que inicia la Reunion, Elmer clicks on Boton de guardar tipo de Reunion, Elmer enters '123456' into Ingresamos el numero de la Reunion, Elmer enters '04/28/2022' into Fecha que inicia la Reunion, Elmer selects index 1 in Hora que inicia la Reunion, Elmer enters '04/30/2022' into Fecha final de la Reunion]]]
[Test worker] WARN net.thucydides.core.steps.BaseStepListener - stepStarted: net.thucydides.core.steps.ExecutedStepDescription@2cd91642
[Test worker] WARN net.thucydides.core.steps.BaseStepListener - stepFinished: current outcome:Iniciare sesion en la pagina de serenity demo:Example: {user=admin, password=serenity, name=Unidad1, select=Administration, meet_name=Informacion, meet_type=Vacaciones, number_meet=123456, unit=Unidad1, organizedBy=Alexis Lopez, reported=Charles Davi, attendeeList=James Brooks} [Given que tengo el usuario y la contrasena para entrar a la pagina [Elmer abrir pagina [Elmer opens the Abriendo pagina]], When inicio la sesion ire al menu de organzacion y creare una nueva reunion
| user | password | name | select | meet_name | meet_type | number_meet | unit | organizedBy | reported | attendeeList |
| admin | serenity | Unidad1 | Administration | Informacion | Vacaciones | 123456 | Unidad1 | Alexis Lopez | Charles Davi | James Brooks | [Elmer pasos para la reunion [Elmer enters 'admin' into Campo de Usuario, Elmer enters 'serenity' into Campo de Contrasena, Elmer clicks on Boton de iniciar sesion, Elmer clicks on Presionando en el subMenu de Organizacion, Elmer clicks on Presionando en la opcion de Business Units, Elmer clicks on Presionando el boton de Business Units, Elmer enters 'Unidad1' into Llenando el campo Name, Elmer enters 'Administration' into Seleccionamos la opcion de Administration, Elmer clicks on Salvamos, Elmer clicks on Vamos al menu Reunion, Elmer clicks on Presionamos al menu Reunion, Elmer clicks on Presionamos el boton en una nueva Reunion, Elmer enters 'Informacion' into Ingresamos el nombre de la Reunion, Elmer clicks on Ingresamos el tipo de Reunion, Elmer enters 'Vacaciones' into Fecha que inicia la Reunion, Elmer clicks on Boton de guardar tipo de Reunion, Elmer enters '123456' into Ingresamos el numero de la Reunion, Elmer enters '04/28/2022' into Fecha que inicia la Reunion, Elmer selects index 1 in Hora que inicia la Reunion, Elmer enters '04/30/2022' into Fecha final de la Reunion, Elmer clicks on Hora final de la Reunion]]]
[Test worker] WARN net.thucydides.core.steps.BaseStepListener - stepStarted: net.thucydides.core.steps.ExecutedStepDescription@54f95039
[Test worker] WARN net.thucydides.core.steps.BaseStepListener - stepFinished: current outcome:Iniciare sesion en la pagina de serenity demo:Example: {user=admin, password=serenity, name=Unidad1, select=Administration, meet_name=Informacion, meet_type=Vacaciones, number_meet=123456, unit=Unidad1, organizedBy=Alexis Lopez, reported=Charles Davi, attendeeList=James Brooks} [Given que tengo el usuario y la contrasena para entrar a la pagina [Elmer abrir pagina [Elmer opens the Abriendo pagina]], When inicio la sesion ire al menu de organzacion y creare una nueva reunion
| user | password | name | select | meet_name | meet_type | number_meet | unit | organizedBy | reported | attendeeList |
| admin | serenity | Unidad1 | Administration | Informacion | Vacaciones | 123456 | Unidad1 | Alexis Lopez | Charles Davi | James Brooks | [Elmer pasos para la reunion [Elmer enters 'admin' into Campo de Usuario, Elmer enters 'serenity' into Campo de Contrasena, Elmer clicks on Boton de iniciar sesion, Elmer clicks on Presionando en el subMenu de Organizacion, Elmer clicks on Presionando en la opcion de Business Units, Elmer clicks on Presionando el boton de Business Units, Elmer enters 'Unidad1' into Llenando el campo Name, Elmer enters 'Administration' into Seleccionamos la opcion de Administration, Elmer clicks on Salvamos, Elmer clicks on Vamos al menu Reunion, Elmer clicks on Presionamos al menu Reunion, Elmer clicks on Presionamos el boton en una nueva Reunion, Elmer enters 'Informacion' into Ingresamos el nombre de la Reunion, Elmer clicks on Ingresamos el tipo de Reunion, Elmer enters 'Vacaciones' into Fecha que inicia la Reunion, Elmer clicks on Boton de guardar tipo de Reunion, Elmer enters '123456' into Ingresamos el numero de la Reunion, Elmer enters '04/28/2022' into Fecha que inicia la Reunion, Elmer selects index 1 in Hora que inicia la Reunion, Elmer enters '04/30/2022' into Fecha final de la Reunion, Elmer clicks on Hora final de la Reunion, Elmer select 10:50 on Hora final de la Reunion]]]
[Test worker] WARN net.thucydides.core.steps.BaseStepListener - stepStarted: net.thucydides.core.steps.ExecutedStepDescription@5f041555
[Test worker] WARN net.thucydides.core.steps.BaseStepListener - stepFinished: current outcome:Iniciare sesion en la pagina de serenity demo:Example: {user=admin, password=serenity, name=Unidad1, select=Administration, meet_name=Informacion, meet_type=Vacaciones, number_meet=123456, unit=Unidad1, organizedBy=Alexis Lopez, reported=Charles Davi, attendeeList=James Brooks} [Given que tengo el usuario y la contrasena para entrar a la pagina [Elmer abrir pagina [Elmer opens the Abriendo pagina]], When inicio la sesion ire al menu de organzacion y creare una nueva reunion
| user | password | name | select | meet_name | meet_type | number_meet | unit | organizedBy | reported | attendeeList |
| admin | serenity | Unidad1 | Administration | Informacion | Vacaciones | 123456 | Unidad1 | Alexis Lopez | Charles Davi | James Brooks | [Elmer pasos para la reunion [Elmer enters 'admin' into Campo de Usuario, Elmer enters 'serenity' into Campo de Contrasena, Elmer clicks on Boton de iniciar sesion, Elmer clicks on Presionando en el subMenu de Organizacion, Elmer clicks on Presionando en la opcion de Business Units, Elmer clicks on Presionando el boton de Business Units, Elmer enters 'Unidad1' into Llenando el campo Name, Elmer enters 'Administration' into Seleccionamos la opcion de Administration, Elmer clicks on Salvamos, Elmer clicks on Vamos al menu Reunion, Elmer clicks on Presionamos al menu Reunion, Elmer clicks on Presionamos el boton en una nueva Reunion, Elmer enters 'Informacion' into Ingresamos el nombre de la Reunion, Elmer clicks on Ingresamos el tipo de Reunion, Elmer enters 'Vacaciones' into Fecha que inicia la Reunion, Elmer clicks on Boton de guardar tipo de Reunion, Elmer enters '123456' into Ingresamos el numero de la Reunion, Elmer enters '04/28/2022' into Fecha que inicia la Reunion, Elmer selects index 1 in Hora que inicia la Reunion, Elmer enters '04/30/2022' into Fecha final de la Reunion, Elmer clicks on Hora final de la Reunion, Elmer select 10:50 on Hora final de la Reunion, Elmer clicks on Lugar de la Reunion]]]
[Test worker] WARN net.thucydides.core.steps.BaseStepListener - stepStarted: net.thucydides.core.steps.ExecutedStepDescription@3f39d8fe
[Test worker] WARN net.thucydides.core.steps.BaseStepListener - stepFinished: current outcome:Iniciare sesion en la pagina de serenity demo:Example: {user=admin, password=serenity, name=Unidad1, select=Administration, meet_name=Informacion, meet_type=Vacaciones, number_meet=123456, unit=Unidad1, organizedBy=Alexis Lopez, reported=Charles Davi, attendeeList=James Brooks} [Given que tengo el usuario y la contrasena para entrar a la pagina [Elmer abrir pagina [Elmer opens the Abriendo pagina]], When inicio la sesion ire al menu de organzacion y creare una nueva reunion
| user | password | name | select | meet_name | meet_type | number_meet | unit | organizedBy | reported | attendeeList |
| admin | serenity | Unidad1 | Administration | Informacion | Vacaciones | 123456 | Unidad1 | Alexis Lopez | Charles Davi | James Brooks | [Elmer pasos para la reunion [Elmer enters 'admin' into Campo de Usuario, Elmer enters 'serenity' into Campo de Contrasena, Elmer clicks on Boton de iniciar sesion, Elmer clicks on Presionando en el subMenu de Organizacion, Elmer clicks on Presionando en la opcion de Business Units, Elmer clicks on Presionando el boton de Business Units, Elmer enters 'Unidad1' into Llenando el campo Name, Elmer enters 'Administration' into Seleccionamos la opcion de Administration, Elmer clicks on Salvamos, Elmer clicks on Vamos al menu Reunion, Elmer clicks on Presionamos al menu Reunion, Elmer clicks on Presionamos el boton en una nueva Reunion, Elmer enters 'Informacion' into Ingresamos el nombre de la Reunion, Elmer clicks on Ingresamos el tipo de Reunion, Elmer enters 'Vacaciones' into Fecha que inicia la Reunion, Elmer clicks on Boton de guardar tipo de Reunion, Elmer enters '123456' into Ingresamos el numero de la Reunion, Elmer enters '04/28/2022' into Fecha que inicia la Reunion, Elmer selects index 1 in Hora que inicia la Reunion, Elmer enters '04/30/2022' into Fecha final de la Reunion, Elmer clicks on Hora final de la Reunion, Elmer select 10:50 on Hora final de la Reunion, Elmer clicks on Lugar de la Reunion, Elmer enters 'Panama' into Definiendo el Lugar de la Reunion]]]
[Test worker] WARN net.thucydides.core.steps.BaseStepListener - stepStarted: net.thucydides.core.steps.ExecutedStepDescription@2933a7d1
[Test worker] WARN net.thucydides.core.steps.BaseStepListener - stepFinished: current outcome:Iniciare sesion en la pagina de serenity demo:Example: {user=admin, password=serenity, name=Unidad1, select=Administration, meet_name=Informacion, meet_type=Vacaciones, number_meet=123456, unit=Unidad1, organizedBy=Alexis Lopez, reported=Charles Davi, attendeeList=James Brooks} [Given que tengo el usuario y la contrasena para entrar a la pagina [Elmer abrir pagina [Elmer opens the Abriendo pagina]], When inicio la sesion ire al menu de organzacion y creare una nueva reunion
| user | password | name | select | meet_name | meet_type | number_meet | unit | organizedBy | reported | attendeeList |
| admin | serenity | Unidad1 | Administration | Informacion | Vacaciones | 123456 | Unidad1 | Alexis Lopez | Charles Davi | James Brooks | [Elmer pasos para la reunion [Elmer enters 'admin' into Campo de Usuario, Elmer enters 'serenity' into Campo de Contrasena, Elmer clicks on Boton de iniciar sesion, Elmer clicks on Presionando en el subMenu de Organizacion, Elmer clicks on Presionando en la opcion de Business Units, Elmer clicks on Presionando el boton de Business Units, Elmer enters 'Unidad1' into Llenando el campo Name, Elmer enters 'Administration' into Seleccionamos la opcion de Administration, Elmer clicks on Salvamos, Elmer clicks on Vamos al menu Reunion, Elmer clicks on Presionamos al menu Reunion, Elmer clicks on Presionamos el boton en una nueva Reunion, Elmer enters 'Informacion' into Ingresamos el nombre de la Reunion, Elmer clicks on Ingresamos el tipo de Reunion, Elmer enters 'Vacaciones' into Fecha que inicia la Reunion, Elmer clicks on Boton de guardar tipo de Reunion, Elmer enters '123456' into Ingresamos el numero de la Reunion, Elmer enters '04/28/2022' into Fecha que inicia la Reunion, Elmer selects index 1 in Hora que inicia la Reunion, Elmer enters '04/30/2022' into Fecha final de la Reunion, Elmer clicks on Hora final de la Reunion, Elmer select 10:50 on Hora final de la Reunion, Elmer clicks on Lugar de la Reunion, Elmer enters 'Panama' into Definiendo el Lugar de la Reunion, Elmer clicks on Tipo Reunion]]]
[Test worker] WARN net.thucydides.core.steps.BaseStepListener - stepStarted: net.thucydides.core.steps.ExecutedStepDescription@720ddd5f
[Test worker] WARN net.thucydides.core.steps.BaseStepListener - stepFinished: current outcome:Iniciare sesion en la pagina de serenity demo:Example: {user=admin, password=serenity, name=Unidad1, select=Administration, meet_name=Informacion, meet_type=Vacaciones, number_meet=123456, unit=Unidad1, organizedBy=Alexis Lopez, reported=Charles Davi, attendeeList=James Brooks} [Given que tengo el usuario y la contrasena para entrar a la pagina [Elmer abrir pagina [Elmer opens the Abriendo pagina]], When inicio la sesion ire al menu de organzacion y creare una nueva reunion
| user | password | name | select | meet_name | meet_type | number_meet | unit | organizedBy | reported | attendeeList |
| admin | serenity | Unidad1 | Administration | Informacion | Vacaciones | 123456 | Unidad1 | Alexis Lopez | Charles Davi | James Brooks | [Elmer pasos para la reunion [Elmer enters 'admin' into Campo de Usuario, Elmer enters 'serenity' into Campo de Contrasena, Elmer clicks on Boton de iniciar sesion, Elmer clicks on Presionando en el subMenu de Organizacion, Elmer clicks on Presionando en la opcion de Business Units, Elmer clicks on Presionando el boton de Business Units, Elmer enters 'Unidad1' into Llenando el campo Name, Elmer enters 'Administration' into Seleccionamos la opcion de Administration, Elmer clicks on Salvamos, Elmer clicks on Vamos al menu Reunion, Elmer clicks on Presionamos al menu Reunion, Elmer clicks on Presionamos el boton en una nueva Reunion, Elmer enters 'Informacion' into Ingresamos el nombre de la Reunion, Elmer clicks on Ingresamos el tipo de Reunion, Elmer enters 'Vacaciones' into Fecha que inicia la Reunion, Elmer clicks on Boton de guardar tipo de Reunion, Elmer enters '123456' into Ingresamos el numero de la Reunion, Elmer enters '04/28/2022' into Fecha que inicia la Reunion, Elmer selects index 1 in Hora que inicia la Reunion, Elmer enters '04/30/2022' into Fecha final de la Reunion, Elmer clicks on Hora final de la Reunion, Elmer select 10:50 on Hora final de la Reunion, Elmer clicks on Lugar de la Reunion, Elmer enters 'Panama' into Definiendo el Lugar de la Reunion, Elmer clicks on Tipo Reunion, Elmer clicks on Seleccionamos lo que creamos]]]
[Test worker] WARN net.thucydides.core.steps.BaseStepListener - stepStarted: net.thucydides.core.steps.ExecutedStepDescription@28ac96c
[Test worker] WARN net.thucydides.core.steps.BaseStepListener - stepFinished: current outcome:Iniciare sesion en la pagina de serenity demo:Example: {user=admin, password=serenity, name=Unidad1, select=Administration, meet_name=Informacion, meet_type=Vacaciones, number_meet=123456, unit=Unidad1, organizedBy=Alexis Lopez, reported=Charles Davi, attendeeList=James Brooks} [Given que tengo el usuario y la contrasena para entrar a la pagina [Elmer abrir pagina [Elmer opens the Abriendo pagina]], When inicio la sesion ire al menu de organzacion y creare una nueva reunion
| user | password | name | select | meet_name | meet_type | number_meet | unit | organizedBy | reported | attendeeList |
| admin | serenity | Unidad1 | Administration | Informacion | Vacaciones | 123456 | Unidad1 | Alexis Lopez | Charles Davi | James Brooks | [Elmer pasos para la reunion [Elmer enters 'admin' into Campo de Usuario, Elmer enters 'serenity' into Campo de Contrasena, Elmer clicks on Boton de iniciar sesion, Elmer clicks on Presionando en el subMenu de Organizacion, Elmer clicks on Presionando en la opcion de Business Units, Elmer clicks on Presionando el boton de Business Units, Elmer enters 'Unidad1' into Llenando el campo Name, Elmer enters 'Administration' into Seleccionamos la opcion de Administration, Elmer clicks on Salvamos, Elmer clicks on Vamos al menu Reunion, Elmer clicks on Presionamos al menu Reunion, Elmer clicks on Presionamos el boton en una nueva Reunion, Elmer enters 'Informacion' into Ingresamos el nombre de la Reunion, Elmer clicks on Ingresamos el tipo de Reunion, Elmer enters 'Vacaciones' into Fecha que inicia la Reunion, Elmer clicks on Boton de guardar tipo de Reunion, Elmer enters '123456' into Ingresamos el numero de la Reunion, Elmer enters '04/28/2022' into Fecha que inicia la Reunion, Elmer selects index 1 in Hora que inicia la Reunion, Elmer enters '04/30/2022' into Fecha final de la Reunion, Elmer clicks on Hora final de la Reunion, Elmer select 10:50 on Hora final de la Reunion, Elmer clicks on Lugar de la Reunion, Elmer enters 'Panama' into Definiendo el Lugar de la Reunion, Elmer clicks on Tipo Reunion, Elmer clicks on Seleccionamos lo que creamos, Elmer clicks on //div[starts-with(@id,'select2-result') and contains(text(),'Unidad1')]]]]
[Test worker] WARN net.thucydides.core.steps.BaseStepListener - stepStarted: net.thucydides.core.steps.ExecutedStepDescription@7f2eb25
[Test worker] WARN net.thucydides.core.steps.BaseStepListener - stepFinished: current outcome:Iniciare sesion en la pagina de serenity demo:Example: {user=admin, password=serenity, name=Unidad1, select=Administration, meet_name=Informacion, meet_type=Vacaciones, number_meet=123456, unit=Unidad1, organizedBy=Alexis Lopez, reported=Charles Davi, attendeeList=James Brooks} [Given que tengo el usuario y la contrasena para entrar a la pagina [Elmer abrir pagina [Elmer opens the Abriendo pagina]], When inicio la sesion ire al menu de organzacion y creare una nueva reunion
| user | password | name | select | meet_name | meet_type | number_meet | unit | organizedBy | reported | attendeeList |
| admin | serenity | Unidad1 | Administration | Informacion | Vacaciones | 123456 | Unidad1 | Alexis Lopez | Charles Davi | James Brooks | [Elmer pasos para la reunion [Elmer enters 'admin' into Campo de Usuario, Elmer enters 'serenity' into Campo de Contrasena, Elmer clicks on Boton de iniciar sesion, Elmer clicks on Presionando en el subMenu de Organizacion, Elmer clicks on Presionando en la opcion de Business Units, Elmer clicks on Presionando el boton de Business Units, Elmer enters 'Unidad1' into Llenando el campo Name, Elmer enters 'Administration' into Seleccionamos la opcion de Administration, Elmer clicks on Salvamos, Elmer clicks on Vamos al menu Reunion, Elmer clicks on Presionamos al menu Reunion, Elmer clicks on Presionamos el boton en una nueva Reunion, Elmer enters 'Informacion' into Ingresamos el nombre de la Reunion, Elmer clicks on Ingresamos el tipo de Reunion, Elmer enters 'Vacaciones' into Fecha que inicia la Reunion, Elmer clicks on Boton de guardar tipo de Reunion, Elmer enters '123456' into Ingresamos el numero de la Reunion, Elmer enters '04/28/2022' into Fecha que inicia la Reunion, Elmer selects index 1 in Hora que inicia la Reunion, Elmer enters '04/30/2022' into Fecha final de la Reunion, Elmer clicks on Hora final de la Reunion, Elmer select 10:50 on Hora final de la Reunion, Elmer clicks on Lugar de la Reunion, Elmer enters 'Panama' into Definiendo el Lugar de la Reunion, Elmer clicks on Tipo Reunion, Elmer clicks on Seleccionamos lo que creamos, Elmer clicks on //div[starts-with(@id,'select2-result') and contains(text(),'Unidad1')], Elmer clicks on Organizada la Reunion por]]]
[Test worker] WARN net.thucydides.core.steps.BaseStepListener - stepStarted: net.thucydides.core.steps.ExecutedStepDescription@359cdb63
[Test worker] WARN net.thucydides.core.steps.BaseStepListener - stepFinished: current outcome:Iniciare sesion en la pagina de serenity demo:Example: {user=admin, password=serenity, name=Unidad1, select=Administration, meet_name=Informacion, meet_type=Vacaciones, number_meet=123456, unit=Unidad1, organizedBy=Alexis Lopez, reported=Charles Davi, attendeeList=James Brooks} [Given que tengo el usuario y la contrasena para entrar a la pagina [Elmer abrir pagina [Elmer opens the Abriendo pagina]], When inicio la sesion ire al menu de organzacion y creare una nueva reunion
| user | password | name | select | meet_name | meet_type | number_meet | unit | organizedBy | reported | attendeeList |
| admin | serenity | Unidad1 | Administration | Informacion | Vacaciones | 123456 | Unidad1 | Alexis Lopez | Charles Davi | James Brooks | [Elmer pasos para la reunion [Elmer enters 'admin' into Campo de Usuario, Elmer enters 'serenity' into Campo de Contrasena, Elmer clicks on Boton de iniciar sesion, Elmer clicks on Presionando en el subMenu de Organizacion, Elmer clicks on Presionando en la opcion de Business Units, Elmer clicks on Presionando el boton de Business Units, Elmer enters 'Unidad1' into Llenando el campo Name, Elmer enters 'Administration' into Seleccionamos la opcion de Administration, Elmer clicks on Salvamos, Elmer clicks on Vamos al menu Reunion, Elmer clicks on Presionamos al menu Reunion, Elmer clicks on Presionamos el boton en una nueva Reunion, Elmer enters 'Informacion' into Ingresamos el nombre de la Reunion, Elmer clicks on Ingresamos el tipo de Reunion, Elmer enters 'Vacaciones' into Fecha que inicia la Reunion, Elmer clicks on Boton de guardar tipo de Reunion, Elmer enters '123456' into Ingresamos el numero de la Reunion, Elmer enters '04/28/2022' into Fecha que inicia la Reunion, Elmer selects index 1 in Hora que inicia la Reunion, Elmer enters '04/30/2022' into Fecha final de la Reunion, Elmer clicks on Hora final de la Reunion, Elmer select 10:50 on Hora final de la Reunion, Elmer clicks on Lugar de la Reunion, Elmer enters 'Panama' into Definiendo el Lugar de la Reunion, Elmer clicks on Tipo Reunion, Elmer clicks on Seleccionamos lo que creamos, Elmer clicks on //div[starts-with(@id,'select2-result') and contains(text(),'Unidad1')], Elmer clicks on Organizada la Reunion por, Elmer clicks on //div[starts-with(@id,'select2-result') and contains(text(), 'Alexis Lopez')]]]]
[Test worker] WARN net.thucydides.core.steps.BaseStepListener - stepStarted: net.thucydides.core.steps.ExecutedStepDescription@79c35534
[Test worker] WARN net.thucydides.core.steps.BaseStepListener - stepFinished: current outcome:Iniciare sesion en la pagina de serenity demo:Example: {user=admin, password=serenity, name=Unidad1, select=Administration, meet_name=Informacion, meet_type=Vacaciones, number_meet=123456, unit=Unidad1, organizedBy=Alexis Lopez, reported=Charles Davi, attendeeList=James Brooks} [Given que tengo el usuario y la contrasena para entrar a la pagina [Elmer abrir pagina [Elmer opens the Abriendo pagina]], When inicio la sesion ire al menu de organzacion y creare una nueva reunion
| user | password | name | select | meet_name | meet_type | number_meet | unit | organizedBy | reported | attendeeList |
| admin | serenity | Unidad1 | Administration | Informacion | Vacaciones | 123456 | Unidad1 | Alexis Lopez | Charles Davi | James Brooks | [Elmer pasos para la reunion [Elmer enters 'admin' into Campo de Usuario, Elmer enters 'serenity' into Campo de Contrasena, Elmer clicks on Boton de iniciar sesion, Elmer clicks on Presionando en el subMenu de Organizacion, Elmer clicks on Presionando en la opcion de Business Units, Elmer clicks on Presionando el boton de Business Units, Elmer enters 'Unidad1' into Llenando el campo Name, Elmer enters 'Administration' into Seleccionamos la opcion de Administration, Elmer clicks on Salvamos, Elmer clicks on Vamos al menu Reunion, Elmer clicks on Presionamos al menu Reunion, Elmer clicks on Presionamos el boton en una nueva Reunion, Elmer enters 'Informacion' into Ingresamos el nombre de la Reunion, Elmer clicks on Ingresamos el tipo de Reunion, Elmer enters 'Vacaciones' into Fecha que inicia la Reunion, Elmer clicks on Boton de guardar tipo de Reunion, Elmer enters '123456' into Ingresamos el numero de la Reunion, Elmer enters '04/28/2022' into Fecha que inicia la Reunion, Elmer selects index 1 in Hora que inicia la Reunion, Elmer enters '04/30/2022' into Fecha final de la Reunion, Elmer clicks on Hora final de la Reunion, Elmer select 10:50 on Hora final de la Reunion, Elmer clicks on Lugar de la Reunion, Elmer enters 'Panama' into Definiendo el Lugar de la Reunion, Elmer clicks on Tipo Reunion, Elmer clicks on Seleccionamos lo que creamos, Elmer clicks on //div[starts-with(@id,'select2-result') and contains(text(),'Unidad1')], Elmer clicks on Organizada la Reunion por, Elmer clicks on //div[starts-with(@id,'select2-result') and contains(text(), 'Alexis Lopez')], Elmer clicks on Click para desplegar Reportada]]]
[Test worker] WARN net.thucydides.core.steps.BaseStepListener - stepStarted: net.thucydides.core.steps.ExecutedStepDescription@35702142
[Test worker] WARN net.thucydides.core.steps.BaseStepListener - stepFinished: current outcome:Iniciare sesion en la pagina de serenity demo:Example: {user=admin, password=serenity, name=Unidad1, select=Administration, meet_name=Informacion, meet_type=Vacaciones, number_meet=123456, unit=Unidad1, organizedBy=Alexis Lopez, reported=Charles Davi, attendeeList=James Brooks} [Given que tengo el usuario y la contrasena para entrar a la pagina [Elmer abrir pagina [Elmer opens the Abriendo pagina]], When inicio la sesion ire al menu de organzacion y creare una nueva reunion
| user | password | name | select | meet_name | meet_type | number_meet | unit | organizedBy | reported | attendeeList |
| admin | serenity | Unidad1 | Administration | Informacion | Vacaciones | 123456 | Unidad1 | Alexis Lopez | Charles Davi | James Brooks | [Elmer pasos para la reunion [Elmer enters 'admin' into Campo de Usuario, Elmer enters 'serenity' into Campo de Contrasena, Elmer clicks on Boton de iniciar sesion, Elmer clicks on Presionando en el subMenu de Organizacion, Elmer clicks on Presionando en la opcion de Business Units, Elmer clicks on Presionando el boton de Business Units, Elmer enters 'Unidad1' into Llenando el campo Name, Elmer enters 'Administration' into Seleccionamos la opcion de Administration, Elmer clicks on Salvamos, Elmer clicks on Vamos al menu Reunion, Elmer clicks on Presionamos al menu Reunion, Elmer clicks on Presionamos el boton en una nueva Reunion, Elmer enters 'Informacion' into Ingresamos el nombre de la Reunion, Elmer clicks on Ingresamos el tipo de Reunion, Elmer enters 'Vacaciones' into Fecha que inicia la Reunion, Elmer clicks on Boton de guardar tipo de Reunion, Elmer enters '123456' into Ingresamos el numero de la Reunion, Elmer enters '04/28/2022' into Fecha que inicia la Reunion, Elmer selects index 1 in Hora que inicia la Reunion, Elmer enters '04/30/2022' into Fecha final de la Reunion, Elmer clicks on Hora final de la Reunion, Elmer select 10:50 on Hora final de la Reunion, Elmer clicks on Lugar de la Reunion, Elmer enters 'Panama' into Definiendo el Lugar de la Reunion, Elmer clicks on Tipo Reunion, Elmer clicks on Seleccionamos lo que creamos, Elmer clicks on //div[starts-with(@id,'select2-result') and contains(text(),'Unidad1')], Elmer clicks on Organizada la Reunion por, Elmer clicks on //div[starts-with(@id,'select2-result') and contains(text(), 'Alexis Lopez')], Elmer clicks on Click para desplegar Reportada, Elmer clicks on //div[starts-with(@id,'select2-result') and contains(text(), 'Charles Davi')]]]]
[Test worker] WARN net.thucydides.core.steps.BaseStepListener - stepStarted: net.thucydides.core.steps.ExecutedStepDescription@60a5068e
[Test worker] WARN net.thucydides.core.steps.BaseStepListener - stepFinished: current outcome:Iniciare sesion en la pagina de serenity demo:Example: {user=admin, password=serenity, name=Unidad1, select=Administration, meet_name=Informacion, meet_type=Vacaciones, number_meet=123456, unit=Unidad1, organizedBy=Alexis Lopez, reported=Charles Davi, attendeeList=James Brooks} [Given que tengo el usuario y la contrasena para entrar a la pagina [Elmer abrir pagina [Elmer opens the Abriendo pagina]], When inicio la sesion ire al menu de organzacion y creare una nueva reunion
| user | password | name | select | meet_name | meet_type | number_meet | unit | organizedBy | reported | attendeeList |
| admin | serenity | Unidad1 | Administration | Informacion | Vacaciones | 123456 | Unidad1 | Alexis Lopez | Charles Davi | James Brooks | [Elmer pasos para la reunion [Elmer enters 'admin' into Campo de Usuario, Elmer enters 'serenity' into Campo de Contrasena, Elmer clicks on Boton de iniciar sesion, Elmer clicks on Presionando en el subMenu de Organizacion, Elmer clicks on Presionando en la opcion de Business Units, Elmer clicks on Presionando el boton de Business Units, Elmer enters 'Unidad1' into Llenando el campo Name, Elmer enters 'Administration' into Seleccionamos la opcion de Administration, Elmer clicks on Salvamos, Elmer clicks on Vamos al menu Reunion, Elmer clicks on Presionamos al menu Reunion, Elmer clicks on Presionamos el boton en una nueva Reunion, Elmer enters 'Informacion' into Ingresamos el nombre de la Reunion, Elmer clicks on Ingresamos el tipo de Reunion, Elmer enters 'Vacaciones' into Fecha que inicia la Reunion, Elmer clicks on Boton de guardar tipo de Reunion, Elmer enters '123456' into Ingresamos el numero de la Reunion, Elmer enters '04/28/2022' into Fecha que inicia la Reunion, Elmer selects index 1 in Hora que inicia la Reunion, Elmer enters '04/30/2022' into Fecha final de la Reunion, Elmer clicks on Hora final de la Reunion, Elmer select 10:50 on Hora final de la Reunion, Elmer clicks on Lugar de la Reunion, Elmer enters 'Panama' into Definiendo el Lugar de la Reunion, Elmer clicks on Tipo Reunion, Elmer clicks on Seleccionamos lo que creamos, Elmer clicks on //div[starts-with(@id,'select2-result') and contains(text(),'Unidad1')], Elmer clicks on Organizada la Reunion por, Elmer clicks on //div[starts-with(@id,'select2-result') and contains(text(), 'Alexis Lopez')], Elmer clicks on Click para desplegar Reportada, Elmer clicks on //div[starts-with(@id,'select2-result') and contains(text(), 'Charles Davi')], Elmer clicks on Reportada la Reunion]]]
[Test worker] WARN net.thucydides.core.steps.BaseStepListener - stepStarted: net.thucydides.core.steps.ExecutedStepDescription@5e11edc5
[Test worker] WARN net.thucydides.core.steps.BaseStepListener - stepFinished: current outcome:Iniciare sesion en la pagina de serenity demo:Example: {user=admin, password=serenity, name=Unidad1, select=Administration, meet_name=Informacion, meet_type=Vacaciones, number_meet=123456, unit=Unidad1, organizedBy=Alexis Lopez, reported=Charles Davi, attendeeList=James Brooks} [Given que tengo el usuario y la contrasena para entrar a la pagina [Elmer abrir pagina [Elmer opens the Abriendo pagina]], When inicio la sesion ire al menu de organzacion y creare una nueva reunion
| user | password | name | select | meet_name | meet_type | number_meet | unit | organizedBy | reported | attendeeList |
| admin | serenity | Unidad1 | Administration | Informacion | Vacaciones | 123456 | Unidad1 | Alexis Lopez | Charles Davi | James Brooks | [Elmer pasos para la reunion [Elmer enters 'admin' into Campo de Usuario, Elmer enters 'serenity' into Campo de Contrasena, Elmer clicks on Boton de iniciar sesion, Elmer clicks on Presionando en el subMenu de Organizacion, Elmer clicks on Presionando en la opcion de Business Units, Elmer clicks on Presionando el boton de Business Units, Elmer enters 'Unidad1' into Llenando el campo Name, Elmer enters 'Administration' into Seleccionamos la opcion de Administration, Elmer clicks on Salvamos, Elmer clicks on Vamos al menu Reunion, Elmer clicks on Presionamos al menu Reunion, Elmer clicks on Presionamos el boton en una nueva Reunion, Elmer enters 'Informacion' into Ingresamos el nombre de la Reunion, Elmer clicks on Ingresamos el tipo de Reunion, Elmer enters 'Vacaciones' into Fecha que inicia la Reunion, Elmer clicks on Boton de guardar tipo de Reunion, Elmer enters '123456' into Ingresamos el numero de la Reunion, Elmer enters '04/28/2022' into Fecha que inicia la Reunion, Elmer selects index 1 in Hora que inicia la Reunion, Elmer enters '04/30/2022' into Fecha final de la Reunion, Elmer clicks on Hora final de la Reunion, Elmer select 10:50 on Hora final de la Reunion, Elmer clicks on Lugar de la Reunion, Elmer enters 'Panama' into Definiendo el Lugar de la Reunion, Elmer clicks on Tipo Reunion, Elmer clicks on Seleccionamos lo que creamos, Elmer clicks on //div[starts-with(@id,'select2-result') and contains(text(),'Unidad1')], Elmer clicks on Organizada la Reunion por, Elmer clicks on //div[starts-with(@id,'select2-result') and contains(text(), 'Alexis Lopez')], Elmer clicks on Click para desplegar Reportada, Elmer clicks on //div[starts-with(@id,'select2-result') and contains(text(), 'Charles Davi')], Elmer clicks on Reportada la Reunion, Elmer clicks on //div[starts-with(@id,'select2-result') and contains(text(), 'James Brooks')]]]]
[Test worker] WARN net.thucydides.core.steps.BaseStepListener - stepStarted: net.thucydides.core.steps.ExecutedStepDescription@3f498a65
[Test worker] WARN net.thucydides.core.steps.BaseStepListener - stepFinished: current outcome:Iniciare sesion en la pagina de serenity demo:Example: {user=admin, password=serenity, name=Unidad1, select=Administration, meet_name=Informacion, meet_type=Vacaciones, number_meet=123456, unit=Unidad1, organizedBy=Alexis Lopez, reported=Charles Davi, attendeeList=James Brooks} [Given que tengo el usuario y la contrasena para entrar a la pagina [Elmer abrir pagina [Elmer opens the Abriendo pagina]], When inicio la sesion ire al menu de organzacion y creare una nueva reunion
| user | password | name | select | meet_name | meet_type | number_meet | unit | organizedBy | reported | attendeeList |
| admin | serenity | Unidad1 | Administration | Informacion | Vacaciones | 123456 | Unidad1 | Alexis Lopez | Charles Davi | James Brooks | [Elmer pasos para la reunion [Elmer enters 'admin' into Campo de Usuario, Elmer enters 'serenity' into Campo de Contrasena, Elmer clicks on Boton de iniciar sesion, Elmer clicks on Presionando en el subMenu de Organizacion, Elmer clicks on Presionando en la opcion de Business Units, Elmer clicks on Presionando el boton de Business Units, Elmer enters 'Unidad1' into Llenando el campo Name, Elmer enters 'Administration' into Seleccionamos la opcion de Administration, Elmer clicks on Salvamos, Elmer clicks on Vamos al menu Reunion, Elmer clicks on Presionamos al menu Reunion, Elmer clicks on Presionamos el boton en una nueva Reunion, Elmer enters 'Informacion' into Ingresamos el nombre de la Reunion, Elmer clicks on Ingresamos el tipo de Reunion, Elmer enters 'Vacaciones' into Fecha que inicia la Reunion, Elmer clicks on Boton de guardar tipo de Reunion, Elmer enters '123456' into Ingresamos el numero de la Reunion, Elmer enters '04/28/2022' into Fecha que inicia la Reunion, Elmer selects index 1 in Hora que inicia la Reunion, Elmer enters '04/30/2022' into Fecha final de la Reunion, Elmer clicks on Hora final de la Reunion, Elmer select 10:50 on Hora final de la Reunion, Elmer clicks on Lugar de la Reunion, Elmer enters 'Panama' into Definiendo el Lugar de la Reunion, Elmer clicks on Tipo Reunion, Elmer clicks on Seleccionamos lo que creamos, Elmer clicks on //div[starts-with(@id,'select2-result') and contains(text(),'Unidad1')], Elmer clicks on Organizada la Reunion por, Elmer clicks on //div[starts-with(@id,'select2-result') and contains(text(), 'Alexis Lopez')], Elmer clicks on Click para desplegar Reportada, Elmer clicks on //div[starts-with(@id,'select2-result') and contains(text(), 'Charles Davi')], Elmer clicks on Reportada la Reunion, Elmer clicks on //div[starts-with(@id,'select2-result') and contains(text(), 'James Brooks')], Elmer clicks on Boton de guardar la Reunion]]]
[Test worker] WARN net.thucydides.core.steps.BaseStepListener - stepFinished: current outcome:Iniciare sesion en la pagina de serenity demo:Example: {user=admin, password=serenity, name=Unidad1, select=Administration, meet_name=Informacion, meet_type=Vacaciones, number_meet=123456, unit=Unidad1, organizedBy=Alexis Lopez, reported=Charles Davi, attendeeList=James Brooks} [Given que tengo el usuario y la contrasena para entrar a la pagina [Elmer abrir pagina [Elmer opens the Abriendo pagina]], When inicio la sesion ire al menu de organzacion y creare una nueva reunion
| user | password | name | select | meet_name | meet_type | number_meet | unit | organizedBy | reported | attendeeList |
| admin | serenity | Unidad1 | Administration | Informacion | Vacaciones | 123456 | Unidad1 | Alexis Lopez | Charles Davi | James Brooks | [Elmer pasos para la reunion [Elmer enters 'admin' into Campo de Usuario, Elmer enters 'serenity' into Campo de Contrasena, Elmer clicks on Boton de iniciar sesion, Elmer clicks on Presionando en el subMenu de Organizacion, Elmer clicks on Presionando en la opcion de Business Units, Elmer clicks on Presionando el boton de Business Units, Elmer enters 'Unidad1' into Llenando el campo Name, Elmer enters 'Administration' into Seleccionamos la opcion de Administration, Elmer clicks on Salvamos, Elmer clicks on Vamos al menu Reunion, Elmer clicks on Presionamos al menu Reunion, Elmer clicks on Presionamos el boton en una nueva Reunion, Elmer enters 'Informacion' into Ingresamos el nombre de la Reunion, Elmer clicks on Ingresamos el tipo de Reunion, Elmer enters 'Vacaciones' into Fecha que inicia la Reunion, Elmer clicks on Boton de guardar tipo de Reunion, Elmer enters '123456' into Ingresamos el numero de la Reunion, Elmer enters '04/28/2022' into Fecha que inicia la Reunion, Elmer selects index 1 in Hora que inicia la Reunion, Elmer enters '04/30/2022' into Fecha final de la Reunion, Elmer clicks on Hora final de la Reunion, Elmer select 10:50 on Hora final de la Reunion, Elmer clicks on Lugar de la Reunion, Elmer enters 'Panama' into Definiendo el Lugar de la Reunion, Elmer clicks on Tipo Reunion, Elmer clicks on Seleccionamos lo que creamos, Elmer clicks on //div[starts-with(@id,'select2-result') and contains(text(),'Unidad1')], Elmer clicks on Organizada la Reunion por, Elmer clicks on //div[starts-with(@id,'select2-result') and contains(text(), 'Alexis Lopez')], Elmer clicks on Click para desplegar Reportada, Elmer clicks on //div[starts-with(@id,'select2-result') and contains(text(), 'Charles Davi')], Elmer clicks on Reportada la Reunion, Elmer clicks on //div[starts-with(@id,'select2-result') and contains(text(), 'James Brooks')], Elmer clicks on Boton de guardar la Reunion]]]
[Test worker] WARN net.thucydides.core.steps.BaseStepListener - stepFinished: current outcome:Iniciare sesion en la pagina de serenity demo:Example: {user=admin, password=serenity, name=Unidad1, select=Administration, meet_name=Informacion, meet_type=Vacaciones, number_meet=123456, unit=Unidad1, organizedBy=Alexis Lopez, reported=Charles Davi, attendeeList=James Brooks} [Given que tengo el usuario y la contrasena para entrar a la pagina [Elmer abrir pagina [Elmer opens the Abriendo pagina]], When inicio la sesion ire al menu de organzacion y creare una nueva reunion
| user | password | name | select | meet_name | meet_type | number_meet | unit | organizedBy | reported | attendeeList |
| admin | serenity | Unidad1 | Administration | Informacion | Vacaciones | 123456 | Unidad1 | Alexis Lopez | Charles Davi | James Brooks | [Elmer pasos para la reunion [Elmer enters 'admin' into Campo de Usuario, Elmer enters 'serenity' into Campo de Contrasena, Elmer clicks on Boton de iniciar sesion, Elmer clicks on Presionando en el subMenu de Organizacion, Elmer clicks on Presionando en la opcion de Business Units, Elmer clicks on Presionando el boton de Business Units, Elmer enters 'Unidad1' into Llenando el campo Name, Elmer enters 'Administration' into Seleccionamos la opcion de Administration, Elmer clicks on Salvamos, Elmer clicks on Vamos al menu Reunion, Elmer clicks on Presionamos al menu Reunion, Elmer clicks on Presionamos el boton en una nueva Reunion, Elmer enters 'Informacion' into Ingresamos el nombre de la Reunion, Elmer clicks on Ingresamos el tipo de Reunion, Elmer enters 'Vacaciones' into Fecha que inicia la Reunion, Elmer clicks on Boton de guardar tipo de Reunion, Elmer enters '123456' into Ingresamos el numero de la Reunion, Elmer enters '04/28/2022' into Fecha que inicia la Reunion, Elmer selects index 1 in Hora que inicia la Reunion, Elmer enters '04/30/2022' into Fecha final de la Reunion, Elmer clicks on Hora final de la Reunion, Elmer select 10:50 on Hora final de la Reunion, Elmer clicks on Lugar de la Reunion, Elmer enters 'Panama' into Definiendo el Lugar de la Reunion, Elmer clicks on Tipo Reunion, Elmer clicks on Seleccionamos lo que creamos, Elmer clicks on //div[starts-with(@id,'select2-result') and contains(text(),'Unidad1')], Elmer clicks on Organizada la Reunion por, Elmer clicks on //div[starts-with(@id,'select2-result') and contains(text(), 'Alexis Lopez')], Elmer clicks on Click para desplegar Reportada, Elmer clicks on //div[starts-with(@id,'select2-result') and contains(text(), 'Charles Davi')], Elmer clicks on Reportada la Reunion, Elmer clicks on //div[starts-with(@id,'select2-result') and contains(text(), 'James Brooks')], Elmer clicks on Boton de guardar la Reunion]]]
[Test worker] WARN net.thucydides.core.steps.BaseStepListener - stepStarted: net.thucydides.core.steps.ExecutedStepDescription@6cfd7d19
[Test worker] WARN net.thucydides.core.steps.BaseStepListener - stepStarted: net.thucydides.core.steps.ExecutedStepDescription@67b3bc1c
[Test worker] WARN net.thucydides.core.steps.BaseStepListener - stepFinished: current outcome:Iniciare sesion en la pagina de serenity demo:Example: {user=admin, password=serenity, name=Unidad1, select=Administration, meet_name=Informacion, meet_type=Vacaciones, number_meet=123456, unit=Unidad1, organizedBy=Alexis Lopez, reported=Charles Davi, attendeeList=James Brooks} [Given que tengo el usuario y la contrasena para entrar a la pagina [Elmer abrir pagina [Elmer opens the Abriendo pagina]], When inicio la sesion ire al menu de organzacion y creare una nueva reunion
| user | password | name | select | meet_name | meet_type | number_meet | unit | organizedBy | reported | attendeeList |
| admin | serenity | Unidad1 | Administration | Informacion | Vacaciones | 123456 | Unidad1 | Alexis Lopez | Charles Davi | James Brooks | [Elmer pasos para la reunion [Elmer enters 'admin' into Campo de Usuario, Elmer enters 'serenity' into Campo de Contrasena, Elmer clicks on Boton de iniciar sesion, Elmer clicks on Presionando en el subMenu de Organizacion, Elmer clicks on Presionando en la opcion de Business Units, Elmer clicks on Presionando el boton de Business Units, Elmer enters 'Unidad1' into Llenando el campo Name, Elmer enters 'Administration' into Seleccionamos la opcion de Administration, Elmer clicks on Salvamos, Elmer clicks on Vamos al menu Reunion, Elmer clicks on Presionamos al menu Reunion, Elmer clicks on Presionamos el boton en una nueva Reunion, Elmer enters 'Informacion' into Ingresamos el nombre de la Reunion, Elmer clicks on Ingresamos el tipo de Reunion, Elmer enters 'Vacaciones' into Fecha que inicia la Reunion, Elmer clicks on Boton de guardar tipo de Reunion, Elmer enters '123456' into Ingresamos el numero de la Reunion, Elmer enters '04/28/2022' into Fecha que inicia la Reunion, Elmer selects index 1 in Hora que inicia la Reunion, Elmer enters '04/30/2022' into Fecha final de la Reunion, Elmer clicks on Hora final de la Reunion, Elmer select 10:50 on Hora final de la Reunion, Elmer clicks on Lugar de la Reunion, Elmer enters 'Panama' into Definiendo el Lugar de la Reunion, Elmer clicks on Tipo Reunion, Elmer clicks on Seleccionamos lo que creamos, Elmer clicks on //div[starts-with(@id,'select2-result') and contains(text(),'Unidad1')], Elmer clicks on Organizada la Reunion por, Elmer clicks on //div[starts-with(@id,'select2-result') and contains(text(), 'Alexis Lopez')], Elmer clicks on Click para desplegar Reportada, Elmer clicks on //div[starts-with(@id,'select2-result') and contains(text(), 'Charles Davi')], Elmer clicks on Reportada la Reunion, Elmer clicks on //div[starts-with(@id,'select2-result') and contains(text(), 'James Brooks')], Elmer clicks on Boton de guardar la Reunion]], Then verifico que he realizado la creacion de esta reunion con el nombre informacion. [Then verificado titulo de la reunion]]
[Test worker] WARN net.thucydides.core.steps.BaseStepListener - stepFinished: current outcome:Iniciare sesion en la pagina de serenity demo:Example: {user=admin, password=serenity, name=Unidad1, select=Administration, meet_name=Informacion, meet_type=Vacaciones, number_meet=123456, unit=Unidad1, organizedBy=Alexis Lopez, reported=Charles Davi, attendeeList=James Brooks} [Given que tengo el usuario y la contrasena para entrar a la pagina [Elmer abrir pagina [Elmer opens the Abriendo pagina]], When inicio la sesion ire al menu de organzacion y creare una nueva reunion
| user | password | name | select | meet_name | meet_type | number_meet | unit | organizedBy | reported | attendeeList |
| admin | serenity | Unidad1 | Administration | Informacion | Vacaciones | 123456 | Unidad1 | Alexis Lopez | Charles Davi | James Brooks | [Elmer pasos para la reunion [Elmer enters 'admin' into Campo de Usuario, Elmer enters 'serenity' into Campo de Contrasena, Elmer clicks on Boton de iniciar sesion, Elmer clicks on Presionando en el subMenu de Organizacion, Elmer clicks on Presionando en la opcion de Business Units, Elmer clicks on Presionando el boton de Business Units, Elmer enters 'Unidad1' into Llenando el campo Name, Elmer enters 'Administration' into Seleccionamos la opcion de Administration, Elmer clicks on Salvamos, Elmer clicks on Vamos al menu Reunion, Elmer clicks on Presionamos al menu Reunion, Elmer clicks on Presionamos el boton en una nueva Reunion, Elmer enters 'Informacion' into Ingresamos el nombre de la Reunion, Elmer clicks on Ingresamos el tipo de Reunion, Elmer enters 'Vacaciones' into Fecha que inicia la Reunion, Elmer clicks on Boton de guardar tipo de Reunion, Elmer enters '123456' into Ingresamos el numero de la Reunion, Elmer enters '04/28/2022' into Fecha que inicia la Reunion, Elmer selects index 1 in Hora que inicia la Reunion, Elmer enters '04/30/2022' into Fecha final de la Reunion, Elmer clicks on Hora final de la Reunion, Elmer select 10:50 on Hora final de la Reunion, Elmer clicks on Lugar de la Reunion, Elmer enters 'Panama' into Definiendo el Lugar de la Reunion, Elmer clicks on Tipo Reunion, Elmer clicks on Seleccionamos lo que creamos, Elmer clicks on //div[starts-with(@id,'select2-result') and contains(text(),'Unidad1')], Elmer clicks on Organizada la Reunion por, Elmer clicks on //div[starts-with(@id,'select2-result') and contains(text(), 'Alexis Lopez')], Elmer clicks on Click para desplegar Reportada, Elmer clicks on //div[starts-with(@id,'select2-result') and contains(text(), 'Charles Davi')], Elmer clicks on Reportada la Reunion, Elmer clicks on //div[starts-with(@id,'select2-result') and contains(text(), 'James Brooks')], Elmer clicks on Boton de guardar la Reunion]], Then verifico que he realizado la creacion de esta reunion con el nombre informacion. [Then verificado titulo de la reunion]]
[Test worker] WARN net.thucydides.core.steps.BaseStepListener - stepFinished: current outcome:Iniciare sesion en la pagina de serenity demo:Example: {user=admin, password=serenity, name=Unidad1, select=Administration, meet_name=Informacion, meet_type=Vacaciones, number_meet=123456, unit=Unidad1, organizedBy=Alexis Lopez, reported=Charles Davi, attendeeList=James Brooks} [Given que tengo el usuario y la contrasena para entrar a la pagina [Elmer abrir pagina [Elmer opens the Abriendo pagina]], When inicio la sesion ire al menu de organzacion y creare una nueva reunion
| user | password | name | select | meet_name | meet_type | number_meet | unit | organizedBy | reported | attendeeList |
| admin | serenity | Unidad1 | Administration | Informacion | Vacaciones | 123456 | Unidad1 | Alexis Lopez | Charles Davi | James Brooks | [Elmer pasos para la reunion [Elmer enters 'admin' into Campo de Usuario, Elmer enters 'serenity' into Campo de Contrasena, Elmer clicks on Boton de iniciar sesion, Elmer clicks on Presionando en el subMenu de Organizacion, Elmer clicks on Presionando en la opcion de Business Units, Elmer clicks on Presionando el boton de Business Units, Elmer enters 'Unidad1' into Llenando el campo Name, Elmer enters 'Administration' into Seleccionamos la opcion de Administration, Elmer clicks on Salvamos, Elmer clicks on Vamos al menu Reunion, Elmer clicks on Presionamos al menu Reunion, Elmer clicks on Presionamos el boton en una nueva Reunion, Elmer enters 'Informacion' into Ingresamos el nombre de la Reunion, Elmer clicks on Ingresamos el tipo de Reunion, Elmer enters 'Vacaciones' into Fecha que inicia la Reunion, Elmer clicks on Boton de guardar tipo de Reunion, Elmer enters '123456' into Ingresamos el numero de la Reunion, Elmer enters '04/28/2022' into Fecha que inicia la Reunion, Elmer selects index 1 in Hora que inicia la Reunion, Elmer enters '04/30/2022' into Fecha final de la Reunion, Elmer clicks on Hora final de la Reunion, Elmer select 10:50 on Hora final de la Reunion, Elmer clicks on Lugar de la Reunion, Elmer enters 'Panama' into Definiendo el Lugar de la Reunion, Elmer clicks on Tipo Reunion, Elmer clicks on Seleccionamos lo que creamos, Elmer clicks on //div[starts-with(@id,'select2-result') and contains(text(),'Unidad1')], Elmer clicks on Organizada la Reunion por, Elmer clicks on //div[starts-with(@id,'select2-result') and contains(text(), 'Alexis Lopez')], Elmer clicks on Click para desplegar Reportada, Elmer clicks on //div[starts-with(@id,'select2-result') and contains(text(), 'Charles Davi')], Elmer clicks on Reportada la Reunion, Elmer clicks on //div[starts-with(@id,'select2-result') and contains(text(), 'James Brooks')], Elmer clicks on Boton de guardar la Reunion]], Then verifico que he realizado la creacion de esta reunion con el nombre informacion. [Then verificado titulo de la reunion]]
[Test worker] WARN net.thucydides.core.steps.BaseStepListener - testFinished: Iniciare sesion en la pagina de serenity demo:Example: {user=admin, password=serenity, name=Unidad1, select=Administration, meet_name=Informacion, meet_type=Vacaciones, number_meet=123456, unit=Unidad1, organizedBy=Alexis Lopez, reported=Charles Davi, attendeeList=James Brooks} [Given que tengo el usuario y la contrasena para entrar a la pagina [Elmer abrir pagina [Elmer opens the Abriendo pagina]], When inicio la sesion ire al menu de organzacion y creare una nueva reunion
| user | password | name | select | meet_name | meet_type | number_meet | unit | organizedBy | reported | attendeeList |
| admin | serenity | Unidad1 | Administration | Informacion | Vacaciones | 123456 | Unidad1 | Alexis Lopez | Charles Davi | James Brooks | [Elmer pasos para la reunion [Elmer enters 'admin' into Campo de Usuario, Elmer enters 'serenity' into Campo de Contrasena, Elmer clicks on Boton de iniciar sesion, Elmer clicks on Presionando en el subMenu de Organizacion, Elmer clicks on Presionando en la opcion de Business Units, Elmer clicks on Presionando el boton de Business Units, Elmer enters 'Unidad1' into Llenando el campo Name, Elmer enters 'Administration' into Seleccionamos la opcion de Administration, Elmer clicks on Salvamos, Elmer clicks on Vamos al menu Reunion, Elmer clicks on Presionamos al menu Reunion, Elmer clicks on Presionamos el boton en una nueva Reunion, Elmer enters 'Informacion' into Ingresamos el nombre de la Reunion, Elmer clicks on Ingresamos el tipo de Reunion, Elmer enters 'Vacaciones' into Fecha que inicia la Reunion, Elmer clicks on Boton de guardar tipo de Reunion, Elmer enters '123456' into Ingresamos el numero de la Reunion, Elmer enters '04/28/2022' into Fecha que inicia la Reunion, Elmer selects index 1 in Hora que inicia la Reunion, Elmer enters '04/30/2022' into Fecha final de la Reunion, Elmer clicks on Hora final de la Reunion, Elmer select 10:50 on Hora final de la Reunion, Elmer clicks on Lugar de la Reunion, Elmer enters 'Panama' into Definiendo el Lugar de la Reunion, Elmer clicks on Tipo Reunion, Elmer clicks on Seleccionamos lo que creamos, Elmer clicks on //div[starts-with(@id,'select2-result') and contains(text(),'Unidad1')], Elmer clicks on Organizada la Reunion por, Elmer clicks on //div[starts-with(@id,'select2-result') and contains(text(), 'Alexis Lopez')], Elmer clicks on Click para desplegar Reportada, Elmer clicks on //div[starts-with(@id,'select2-result') and contains(text(), 'Charles Davi')], Elmer clicks on Reportada la Reunion, Elmer clicks on //div[starts-with(@id,'select2-result') and contains(text(), 'James Brooks')], Elmer clicks on Boton de guardar la Reunion]], Then verifico que he realizado la creacion de esta reunion con el nombre informacion. [Then verificado titulo de la reunion]]
[Test worker] WARN net.thucydides.core.steps.BaseStepListener - TestOutcomes: [Iniciare sesion en la pagina de serenity demo:Example: {user=admin, password=serenity, name=Unidad1, select=Administration, meet_name=Informacion, meet_type=Vacaciones, number_meet=123456, unit=Unidad1, organizedBy=Alexis Lopez, reported=Charles Davi, attendeeList=James Brooks} [Given que tengo el usuario y la contrasena para entrar a la pagina [Elmer abrir pagina [Elmer opens the Abriendo pagina]], When inicio la sesion ire al menu de organzacion y creare una nueva reunion
| user | password | name | select | meet_name | meet_type | number_meet | unit | organizedBy | reported | attendeeList |
| admin | serenity | Unidad1 | Administration | Informacion | Vacaciones | 123456 | Unidad1 | Alexis Lopez | Charles Davi | James Brooks | [Elmer pasos para la reunion [Elmer enters 'admin' into Campo de Usuario, Elmer enters 'serenity' into Campo de Contrasena, Elmer clicks on Boton de iniciar sesion, Elmer clicks on Presionando en el subMenu de Organizacion, Elmer clicks on Presionando en la opcion de Business Units, Elmer clicks on Presionando el boton de Business Units, Elmer enters 'Unidad1' into Llenando el campo Name, Elmer enters 'Administration' into Seleccionamos la opcion de Administration, Elmer clicks on Salvamos, Elmer clicks on Vamos al menu Reunion, Elmer clicks on Presionamos al menu Reunion, Elmer clicks on Presionamos el boton en una nueva Reunion, Elmer enters 'Informacion' into Ingresamos el nombre de la Reunion, Elmer clicks on Ingresamos el tipo de Reunion, Elmer enters 'Vacaciones' into Fecha que inicia la Reunion, Elmer clicks on Boton de guardar tipo de Reunion, Elmer enters '123456' into Ingresamos el numero de la Reunion, Elmer enters '04/28/2022' into Fecha que inicia la Reunion, Elmer selects index 1 in Hora que inicia la Reunion, Elmer enters '04/30/2022' into Fecha final de la Reunion, Elmer clicks on Hora final de la Reunion, Elmer select 10:50 on Hora final de la Reunion, Elmer clicks on Lugar de la Reunion, Elmer enters 'Panama' into Definiendo el Lugar de la Reunion, Elmer clicks on Tipo Reunion, Elmer clicks on Seleccionamos lo que creamos, Elmer clicks on //div[starts-with(@id,'select2-result') and contains(text(),'Unidad1')], Elmer clicks on Organizada la Reunion por, Elmer clicks on //div[starts-with(@id,'select2-result') and contains(text(), 'Alexis Lopez')], Elmer clicks on Click para desplegar Reportada, Elmer clicks on //div[starts-with(@id,'select2-result') and contains(text(), 'Charles Davi')], Elmer clicks on Reportada la Reunion, Elmer clicks on //div[starts-with(@id,'select2-result') and contains(text(), 'James Brooks')], Elmer clicks on Boton de guardar la Reunion]], Then verifico que he realizado la creacion de esta reunion con el nombre informacion. [Then verificado titulo de la reunion]]]
[Test worker] WARN net.thucydides.core.steps.BaseStepListener - Final testOutcomes: [Iniciare sesion en la pagina de serenity demo:Example: {user=admin, password=serenity, name=Unidad1, select=Administration, meet_name=Informacion, meet_type=Vacaciones, number_meet=123456, unit=Unidad1, organizedBy=Alexis Lopez, reported=Charles Davi, attendeeList=James Brooks} [Given que tengo el usuario y la contrasena para entrar a la pagina [Elmer abrir pagina [Elmer opens the Abriendo pagina]], When inicio la sesion ire al menu de organzacion y creare una nueva reunion
| user | password | name | select | meet_name | meet_type | number_meet | unit | organizedBy | reported | attendeeList |
| admin | serenity | Unidad1 | Administration | Informacion | Vacaciones | 123456 | Unidad1 | Alexis Lopez | Charles Davi | James Brooks | [Elmer pasos para la reunion [Elmer enters 'admin' into Campo de Usuario, Elmer enters 'serenity' into Campo de Contrasena, Elmer clicks on Boton de iniciar sesion, Elmer clicks on Presionando en el subMenu de Organizacion, Elmer clicks on Presionando en la opcion de Business Units, Elmer clicks on Presionando el boton de Business Units, Elmer enters 'Unidad1' into Llenando el campo Name, Elmer enters 'Administration' into Seleccionamos la opcion de Administration, Elmer clicks on Salvamos, Elmer clicks on Vamos al menu Reunion, Elmer clicks on Presionamos al menu Reunion, Elmer clicks on Presionamos el boton en una nueva Reunion, Elmer enters 'Informacion' into Ingresamos el nombre de la Reunion, Elmer clicks on Ingresamos el tipo de Reunion, Elmer enters 'Vacaciones' into Fecha que inicia la Reunion, Elmer clicks on Boton de guardar tipo de Reunion, Elmer enters '123456' into Ingresamos el numero de la Reunion, Elmer enters '04/28/2022' into Fecha que inicia la Reunion, Elmer selects index 1 in Hora que inicia la Reunion, Elmer enters '04/30/2022' into Fecha final de la Reunion, Elmer clicks on Hora final de la Reunion, Elmer select 10:50 on Hora final de la Reunion, Elmer clicks on Lugar de la Reunion, Elmer enters 'Panama' into Definiendo el Lugar de la Reunion, Elmer clicks on Tipo Reunion, Elmer clicks on Seleccionamos lo que creamos, Elmer clicks on //div[starts-with(@id,'select2-result') and contains(text(),'Unidad1')], Elmer clicks on Organizada la Reunion por, Elmer clicks on //div[starts-with(@id,'select2-result') and contains(text(), 'Alexis Lopez')], Elmer clicks on Click para desplegar Reportada, Elmer clicks on //div[starts-with(@id,'select2-result') and contains(text(), 'Charles Davi')], Elmer clicks on Reportada la Reunion, Elmer clicks on //div[starts-with(@id,'select2-result') and contains(text(), 'James Brooks')], Elmer clicks on Boton de guardar la Reunion]], Then verifico que he realizado la creacion de esta reunion con el nombre informacion. [Then verificado titulo de la reunion]]]
[Test worker] INFO net.thucydides.core.steps.ConsoleLoggingListener - 
        __    _____ _____ ____ _____   ____   _    ____  ____  _____ ____  
  _     \ \  |_   _| ____/ ___|_   _| |  _ \ / \  / ___|/ ___|| ____|  _ \ 
 (_)_____| |   | | |  _| \___ \ | |   | |_) / _ \ \___ \\___ \|  _| | | | |
  _|_____| |   | | | |___ ___) || |   |  __/ ___ \ ___) |___) | |___| |_| |
 (_)     | |   |_| |_____|____/ |_|   |_| /_/   \_\____/|____/|_____|____/ 
        /_/                                                                

TEST PASSED: Iniciare sesion en la pagina de serenity demo
----------------------------------------------------------------------------
]]></system-err>
</testsuite>
